[01m[K/home/nvidia/Jetson-RT-Traffic-System/src/traffic_detect/src/main.cpp:[m[K In member function â€˜[01m[Kvoid TrafficDetector::image_callback(sensor_msgs::msg::Image_<std::allocator<void> >::SharedPtr)[m[Kâ€™:
[01m[K/home/nvidia/Jetson-RT-Traffic-System/src/traffic_detect/src/main.cpp:61:29:[m[K [01;31m[Kerror: [m[Kâ€˜[01m[Koutput_size_bytes[m[Kâ€™ was not declared in this scope
   61 |     cudaMalloc(&gpu_output, [01;31m[Koutput_size_bytes[m[K);
      |                             [01;31m[K^~~~~~~~~~~~~~~~~[m[K
[01m[K/home/nvidia/Jetson-RT-Traffic-System/src/traffic_detect/src/main.cpp:68:5:[m[K [01;31m[Kerror: [m[Kâ€˜[01m[Kcontext[m[Kâ€™ was not declared in this scope; did you mean â€˜[01m[Kucontext_t[m[Kâ€™?
   68 |     [01;31m[Kcontext[m[K->enqueueV2(bindings, 0, nullptr);
      |     [01;31m[K^~~~~~~[m[K
      |     [32m[Kucontext_t[m[K
[01m[K/home/nvidia/Jetson-RT-Traffic-System/src/traffic_detect/src/main.cpp:71:31:[m[K [01;31m[Kerror: [m[Kâ€˜[01m[Koutput_element_count[m[Kâ€™ was not declared in this scope
   71 |     std::vector<float> output([01;31m[Koutput_element_count[m[K);
      |                               [01;31m[K^~~~~~~~~~~~~~~~~~~~[m[K
gmake[2]: *** [CMakeFiles/traffic_detect_node.dir/build.make:76: CMakeFiles/traffic_detect_node.dir/src/main.cpp.o] Error 1
gmake[1]: *** [CMakeFiles/Makefile2:137: CMakeFiles/traffic_detect_node.dir/all] Error 2
gmake: *** [Makefile:146: all] Error 2
