-- Found ament_cmake: 1.3.11 (/opt/ros/humble/share/ament_cmake/cmake)
-- Override CMake install command with custom implementation using symlinks instead of copying resources
-- Found rclcpp: 16.0.12 (/opt/ros/humble/share/rclcpp/cmake)
-- Found rosidl_generator_c: 3.1.6 (/opt/ros/humble/share/rosidl_generator_c/cmake)
-- Found rosidl_adapter: 3.1.6 (/opt/ros/humble/share/rosidl_adapter/cmake)
-- Found rosidl_generator_cpp: 3.1.6 (/opt/ros/humble/share/rosidl_generator_cpp/cmake)
-- Using all available rosidl_typesupport_c: rosidl_typesupport_fastrtps_c;rosidl_typesupport_introspection_c
-- Using all available rosidl_typesupport_cpp: rosidl_typesupport_fastrtps_cpp;rosidl_typesupport_introspection_cpp
-- Found rmw_implementation_cmake: 6.1.2 (/opt/ros/humble/share/rmw_implementation_cmake/cmake)
-- Found rmw_fastrtps_cpp: 6.2.7 (/opt/ros/humble/share/rmw_fastrtps_cpp/cmake)
-- Using RMW implementation 'rmw_fastrtps_cpp' as default
-- Found sensor_msgs: 4.8.0 (/opt/ros/humble/share/sensor_msgs/cmake)
-- Found cv_bridge: 3.2.1 (/opt/ros/humble/share/cv_bridge/cmake)
-- Found ament_lint_auto: 0.12.12 (/opt/ros/humble/share/ament_lint_auto/cmake)
-- Added test 'cppcheck' to perform static code analysis on C / C++ code
-- Configured cppcheck include dirs: /home/nvidia/Jetson-RT-Traffic-System/src/traffic_detect/include
-- Configured cppcheck exclude dirs and/or files: 
-- Added test 'flake8' to check Python code syntax and style conventions
-- Added test 'lint_cmake' to check CMake code style
-- Added test 'pep257' to check Python code against some of the docstring style conventions in PEP 257
-- Added test 'uncrustify' to check C / C++ code style
-- Configured uncrustify additional arguments: 
-- Added test 'xmllint' to check XML markup files
-- Configuring done
-- Generating done
-- Build files have been written to: /home/nvidia/Jetson-RT-Traffic-System/src/traffic_detect/build/traffic_detect
[35m[1mConsolidate compiler generated dependencies of target traffic_detect_node[0m
[ 50%] [32mBuilding CXX object CMakeFiles/traffic_detect_node.dir/src/main.cpp.o[0m
[01m[K/home/nvidia/Jetson-RT-Traffic-System/src/traffic_detect/src/main.cpp:[m[K In member function â€˜[01m[Kvoid TrafficDetector::image_callback(sensor_msgs::msg::Image_<std::allocator<void> >::SharedPtr)[m[Kâ€™:
[01m[K/home/nvidia/Jetson-RT-Traffic-System/src/traffic_detect/src/main.cpp:61:29:[m[K [01;31m[Kerror: [m[Kâ€˜[01m[Koutput_size_bytes[m[Kâ€™ was not declared in this scope
   61 |     cudaMalloc(&gpu_output, [01;31m[Koutput_size_bytes[m[K);
      |                             [01;31m[K^~~~~~~~~~~~~~~~~[m[K
[01m[K/home/nvidia/Jetson-RT-Traffic-System/src/traffic_detect/src/main.cpp:68:5:[m[K [01;31m[Kerror: [m[Kâ€˜[01m[Kcontext[m[Kâ€™ was not declared in this scope; did you mean â€˜[01m[Kucontext_t[m[Kâ€™?
   68 |     [01;31m[Kcontext[m[K->enqueueV2(bindings, 0, nullptr);
      |     [01;31m[K^~~~~~~[m[K
      |     [32m[Kucontext_t[m[K
[01m[K/home/nvidia/Jetson-RT-Traffic-System/src/traffic_detect/src/main.cpp:71:31:[m[K [01;31m[Kerror: [m[Kâ€˜[01m[Koutput_element_count[m[Kâ€™ was not declared in this scope
   71 |     std::vector<float> output([01;31m[Koutput_element_count[m[K);
      |                               [01;31m[K^~~~~~~~~~~~~~~~~~~~[m[K
gmake[2]: *** [CMakeFiles/traffic_detect_node.dir/build.make:76: CMakeFiles/traffic_detect_node.dir/src/main.cpp.o] Error 1
gmake[1]: *** [CMakeFiles/Makefile2:137: CMakeFiles/traffic_detect_node.dir/all] Error 2
gmake: *** [Makefile:146: all] Error 2
