[0.022s] Invoking command in '/home/nvidia/Jetson-RT-Traffic-System/build/traffic_detect': CMAKE_PREFIX_PATH=${CMAKE_PREFIX_PATH}:/opt/ros/humble /usr/bin/cmake --build /home/nvidia/Jetson-RT-Traffic-System/build/traffic_detect -- -j6 -l6
[0.083s] -- Found ament_cmake: 1.3.11 (/opt/ros/humble/share/ament_cmake/cmake)
[0.381s] -- Found rclcpp: 16.0.12 (/opt/ros/humble/share/rclcpp/cmake)
[0.458s] -- Found rosidl_generator_c: 3.1.6 (/opt/ros/humble/share/rosidl_generator_c/cmake)
[0.463s] -- Found rosidl_adapter: 3.1.6 (/opt/ros/humble/share/rosidl_adapter/cmake)
[0.477s] -- Found rosidl_generator_cpp: 3.1.6 (/opt/ros/humble/share/rosidl_generator_cpp/cmake)
[0.497s] -- Using all available rosidl_typesupport_c: rosidl_typesupport_fastrtps_c;rosidl_typesupport_introspection_c
[0.525s] -- Using all available rosidl_typesupport_cpp: rosidl_typesupport_fastrtps_cpp;rosidl_typesupport_introspection_cpp
[0.596s] -- Found rmw_implementation_cmake: 6.1.2 (/opt/ros/humble/share/rmw_implementation_cmake/cmake)
[0.598s] -- Found rmw_fastrtps_cpp: 6.2.7 (/opt/ros/humble/share/rmw_fastrtps_cpp/cmake)
[0.810s] -- Using RMW implementation 'rmw_fastrtps_cpp' as default
[0.920s] -- Found sensor_msgs: 4.8.0 (/opt/ros/humble/share/sensor_msgs/cmake)
[0.990s] -- Found cv_bridge: 3.2.1 (/opt/ros/humble/share/cv_bridge/cmake)
[1.047s] -- Found vision_msgs: 4.1.1 (/opt/ros/humble/share/vision_msgs/cmake)
[1.084s] -- Found ament_lint_auto: 0.12.12 (/opt/ros/humble/share/ament_lint_auto/cmake)
[1.290s] -- Added test 'cppcheck' to perform static code analysis on C / C++ code
[1.291s] -- Configured cppcheck include dirs: /home/nvidia/Jetson-RT-Traffic-System/src/traffic_detect/include;/home/nvidia/Jetson-RT-Traffic-System/src/traffic_detect/Threads::Threads;/home/nvidia/Jetson-RT-Traffic-System/src/traffic_detect/dl
[1.291s] -- Configured cppcheck exclude dirs and/or files: 
[1.298s] -- Added test 'flake8' to check Python code syntax and style conventions
[1.312s] -- Added test 'lint_cmake' to check CMake code style
[1.319s] -- Added test 'pep257' to check Python code against some of the docstring style conventions in PEP 257
[1.369s] -- Added test 'uncrustify' to check C / C++ code style
[1.370s] -- Configured uncrustify additional arguments: 
[1.376s] -- Added test 'xmllint' to check XML markup files
[1.378s] -- Configuring done
[1.409s] -- Generating done
[1.421s] -- Build files have been written to: /home/nvidia/Jetson-RT-Traffic-System/build/traffic_detect
[1.487s] [35m[1mConsolidate compiler generated dependencies of target traffic_detect_node[0m
[1.532s] [ 50%] [32mBuilding CXX object CMakeFiles/traffic_detect_node.dir/src/main.cpp.o[0m
[1.542s] [01m[Kcc1plus:[m[K [01;35m[Kwarning: [m[K/usr/local/cuda-12.6/lib64/libcudart_static.a: not a directory
[1.542s] [01m[Kcc1plus:[m[K [01;35m[Kwarning: [m[K/usr/lib/aarch64-linux-gnu/librt.a: not a directory
[10.344s] [01m[K/home/nvidia/Jetson-RT-Traffic-System/src/traffic_detect/src/main.cpp:217:21:[m[K [01;31m[Kerror: [m[Kâ€˜[01m[Kvision_msgs[m[Kâ€™ was not declared in this scope
[10.344s]   217 |   rclcpp::Publisher<[01;31m[Kvision_msgs[m[K::msg::Detection2DArray>::SharedPtr detection_pub_;
[10.344s]       |                     [01;31m[K^~~~~~~~~~~[m[K
[10.345s] [01m[K/home/nvidia/Jetson-RT-Traffic-System/src/traffic_detect/src/main.cpp:217:55:[m[K [01;31m[Kerror: [m[Ktemplate argument 1 is invalid
[10.345s]   217 |   rclcpp::Publisher<vision_msgs::msg::Detection2DArray[01;31m[K>[m[K::SharedPtr detection_pub_;
[10.345s]       |                                                       [01;31m[K^[m[K
[10.346s] [01m[K/home/nvidia/Jetson-RT-Traffic-System/src/traffic_detect/src/main.cpp:217:58:[m[K [01;31m[Kerror: [m[Kexpected â€˜[01m[K;[m[Kâ€™ at end of member declaration
[10.346s]   217 |   rclcpp::Publisher<vision_msgs::msg::Detection2DArray>::[01;31m[KSharedPtr[m[K detection_pub_;
[10.346s]       |                                                          [01;31m[K^~~~~~~~~[m[K
[10.346s]       |                                                                   [32m[K;[m[K
[10.355s] [01m[K/home/nvidia/Jetson-RT-Traffic-System/src/traffic_detect/src/main.cpp:217:68:[m[K [01;31m[Kerror: [m[Kâ€˜[01m[Kdetection_pub_[m[Kâ€™ does not name a type
[10.356s]   217 |   rclcpp::Publisher<vision_msgs::msg::Detection2DArray>::SharedPtr [01;31m[Kdetection_pub_[m[K;
[10.356s]       |                                                                    [01;31m[K^~~~~~~~~~~~~~[m[K
[10.532s] [01m[K/home/nvidia/Jetson-RT-Traffic-System/src/traffic_detect/src/main.cpp:[m[K In constructor â€˜[01m[KTrafficDetector::TrafficDetector()[m[Kâ€™:
[10.533s] [01m[K/home/nvidia/Jetson-RT-Traffic-System/src/traffic_detect/src/main.cpp:46:5:[m[K [01;31m[Kerror: [m[Kâ€˜[01m[Kdetection_pub_[m[Kâ€™ was not declared in this scope
[10.533s]    46 |     [01;31m[Kdetection_pub_[m[K = this->create_publisher<vision_msgs::msg::Detection2DArray>("traffic_detections", 10);
[10.533s]       |     [01;31m[K^~~~~~~~~~~~~~[m[K
[10.574s] [01m[K/home/nvidia/Jetson-RT-Traffic-System/src/traffic_detect/src/main.cpp:46:45:[m[K [01;31m[Kerror: [m[Kâ€˜[01m[Kvision_msgs[m[Kâ€™ was not declared in this scope
[10.574s]    46 |     detection_pub_ = this->create_publisher<[01;31m[Kvision_msgs[m[K::msg::Detection2DArray>("traffic_detections", 10);
[10.575s]       |                                             [01;31m[K^~~~~~~~~~~[m[K
[10.575s] [01m[K/home/nvidia/Jetson-RT-Traffic-System/src/traffic_detect/src/main.cpp:46:28:[m[K [01;31m[Kerror: [m[Kparse error in template argument list
[10.575s]    46 |     detection_pub_ = this->[01;31m[Kcreate_publisher<vision_msgs::msg::Detection2DArray>[m[K("traffic_detections", 10);
[10.575s]       |                            [01;31m[K^~~~~~~~~~~~~~~~~~~~~~~~~~~~~~~~~~~~~~~~~~~~~~~~~~~~[m[K
[10.575s] [01m[K/home/nvidia/Jetson-RT-Traffic-System/src/traffic_detect/src/main.cpp:46:80:[m[K [01;31m[Kerror: [m[Kno matching function for call to â€˜[01m[KTrafficDetector::create_publisher<<expression error> >(const char [19], int)[m[Kâ€™
[10.575s]    46 |     detection_pub_ = [01;31m[Kthis->create_publisher<vision_msgs::msg::Detection2DArray>("traffic_detections", 10)[m[K;
[10.576s]       |                      [01;31m[K~~~~~~~~~~~~~~~~~~~~~~~~~~~~~~~~~~~~~~~~~~~~~~~~~~~~~~~~~~^~~~~~~~~~~~~~~~~~~~~~~~~~[m[K
[10.576s] In file included from [01m[K/opt/ros/humble/include/rclcpp/rclcpp/executors/single_threaded_executor.hpp:28[m[K,
[10.576s]                  from [01m[K/opt/ros/humble/include/rclcpp/rclcpp/executors.hpp:22[m[K,
[10.576s]                  from [01m[K/opt/ros/humble/include/rclcpp/rclcpp/rclcpp.hpp:155[m[K,
[10.577s]                  from [01m[K/home/nvidia/Jetson-RT-Traffic-System/src/traffic_detect/src/main.cpp:5[m[K:
[10.577s] [01m[K/opt/ros/humble/include/rclcpp/rclcpp/node.hpp:195:3:[m[K [01;36m[Knote: [m[Kcandidate: â€˜[01m[Ktemplate<class MessageT, class AllocatorT, class PublisherT> std::shared_ptr<PublisherT> rclcpp::Node::create_publisher(const string&, const rclcpp::QoS&, const rclcpp::PublisherOptionsWithAllocator<AllocatorT>&)[m[Kâ€™
[10.577s]   195 |   [01;36m[Kcreate_publisher[m[K(
[10.577s]       |   [01;36m[K^~~~~~~~~~~~~~~~[m[K
[10.578s] [01m[K/opt/ros/humble/include/rclcpp/rclcpp/node.hpp:195:3:[m[K [01;36m[Knote: [m[K  template argument deduction/substitution failed:
[10.578s] [01m[K/home/nvidia/Jetson-RT-Traffic-System/src/traffic_detect/src/main.cpp:46:80:[m[K [01;31m[Kerror: [m[Ktemplate argument 1 is invalid
[10.579s]    46 |     detection_pub_ = [01;31m[Kthis->create_publisher<vision_msgs::msg::Detection2DArray>("traffic_detections", 10)[m[K;
[10.579s]       |                      [01;31m[K~~~~~~~~~~~~~~~~~~~~~~~~~~~~~~~~~~~~~~~~~~~~~~~~~~~~~~~~~~^~~~~~~~~~~~~~~~~~~~~~~~~~[m[K
[10.615s] [01m[K/home/nvidia/Jetson-RT-Traffic-System/src/traffic_detect/src/main.cpp:[m[K In member function â€˜[01m[Kvoid TrafficDetector::image_callback(sensor_msgs::msg::Image_<std::allocator<void> >::SharedPtr)[m[Kâ€™:
[10.616s] [01m[K/home/nvidia/Jetson-RT-Traffic-System/src/traffic_detect/src/main.cpp:158:16:[m[K [01;35m[Kwarning: [m[KISO C++ forbids converting a string constant to â€˜[01m[Kchar*[m[Kâ€™ [[01;35m[K]8;;https://gcc.gnu.org/onlinedocs/gcc/Warning-Options.html#index-Wwrite-strings-Wwrite-strings]8;;[m[K]
[10.616s]   158 |     log_output([01;35m[K"Output Cov: "[m[K, &output_cov, &output_bbox, false);
[10.616s]       |                [01;35m[K^~~~~~~~~~~~~~[m[K
[10.619s] [01m[K/home/nvidia/Jetson-RT-Traffic-System/src/traffic_detect/src/main.cpp:[m[K In member function â€˜[01m[Kvoid TrafficDetector::log_output(char*, std::vector<float>*, std::vector<float>*, bool)[m[Kâ€™:
[10.619s] [01m[K/home/nvidia/Jetson-RT-Traffic-System/src/traffic_detect/src/main.cpp:172:95:[m[K [01;35m[Kwarning: [m[Kunused parameter â€˜[01m[Klimit[m[Kâ€™ [[01;35m[K]8;;https://gcc.gnu.org/onlinedocs/gcc/Warning-Options.html#index-Wunused-parameter-Wunused-parameter]8;;[m[K]
[10.620s]   172 |   void log_output(char* desc, std::vector<float>* vec_cov, std::vector<float>* vec_bbox, [01;35m[Kbool limit = true[m[K){
[10.620s]       |                                                                                          [01;35m[K~~~~~^~~~~~~~~~~~[m[K
[10.620s] [01m[K/home/nvidia/Jetson-RT-Traffic-System/src/traffic_detect/src/main.cpp:[m[K In member function â€˜[01m[Kvoid TrafficDetector::send_data(std::vector<float>*, std::vector<float>*, float)[m[Kâ€™:
[10.621s] [01m[K/home/nvidia/Jetson-RT-Traffic-System/src/traffic_detect/src/main.cpp:206:15:[m[K [01;35m[Kwarning: [m[Kunused variable â€˜[01m[Kbase[m[Kâ€™ [[01;35m[K]8;;https://gcc.gnu.org/onlinedocs/gcc/Warning-Options.html#index-Wunused-variable-Wunused-variable]8;;[m[K]
[10.621s]   206 |           int [01;35m[Kbase[m[K = k * 4;
[10.621s]       |               [01;35m[K^~~~[m[K
[10.621s] [01m[K/home/nvidia/Jetson-RT-Traffic-System/src/traffic_detect/src/main.cpp:195:63:[m[K [01;35m[Kwarning: [m[Kunused parameter â€˜[01m[Kbbox[m[Kâ€™ [[01;35m[K]8;;https://gcc.gnu.org/onlinedocs/gcc/Warning-Options.html#index-Wunused-parameter-Wunused-parameter]8;;[m[K]
[10.622s]   195 |   void send_data(std::vector<float>* cov, [01;35m[Kstd::vector<float>* bbox[m[K, const float conf_thresh = 0.5f){
[10.622s]       |                                           [01;35m[K~~~~~~~~~~~~~~~~~~~~^~~~[m[K
[18.063s] gmake[2]: *** [CMakeFiles/traffic_detect_node.dir/build.make:76: CMakeFiles/traffic_detect_node.dir/src/main.cpp.o] Error 1
[18.064s] gmake[1]: *** [CMakeFiles/Makefile2:137: CMakeFiles/traffic_detect_node.dir/all] Error 2
[18.064s] gmake: *** [Makefile:146: all] Error 2
[18.070s] Invoked command in '/home/nvidia/Jetson-RT-Traffic-System/build/traffic_detect' returned '2': CMAKE_PREFIX_PATH=${CMAKE_PREFIX_PATH}:/opt/ros/humble /usr/bin/cmake --build /home/nvidia/Jetson-RT-Traffic-System/build/traffic_detect -- -j6 -l6
